-------------------------------------------------------------------------------
Test set: com.marisaenjel.gaji.service.GajiServiceApplicationTests
-------------------------------------------------------------------------------
Tests run: 1, Failures: 0, Errors: 1, Skipped: 0, Time elapsed: 10.344 s <<< FAILURE! - in com.marisaenjel.gaji.service.GajiServiceApplicationTests
contextLoads  Time elapsed: 0.004 s  <<< ERROR!
java.lang.IllegalStateException: Failed to load ApplicationContext
Caused by: org.springframework.beans.factory.UnsatisfiedDependencyException: Error creating bean with name 'gajiController': Unsatisfied dependency expressed through field 'gajiService'; nested exception is org.springframework.beans.factory.UnsatisfiedDependencyException: Error creating bean with name 'gajiService': Unsatisfied dependency expressed through field 'gajiRepository'; nested exception is org.springframework.beans.factory.BeanCreationException: Error creating bean with name 'gajiRepository' defined in com.marisaenjel.gaji.service.Repository.GajiRepository defined in @EnableJpaRepositories declared on JpaRepositoriesRegistrar.EnableJpaRepositoriesConfiguration: Invocation of init method failed; nested exception is org.springframework.data.repository.query.QueryCreationException: Could not create query for public abstract com.marisaenjel.gaji.service.Entity.Gaji com.marisaenjel.gaji.service.Repository.GajiRepository.findByGajiId(java.lang.Long); Reason: Failed to create query for method public abstract com.marisaenjel.gaji.service.Entity.Gaji com.marisaenjel.gaji.service.Repository.GajiRepository.findByGajiId(java.lang.Long)! No property 'gajiId' found for type 'Gaji'; nested exception is java.lang.IllegalArgumentException: Failed to create query for method public abstract com.marisaenjel.gaji.service.Entity.Gaji com.marisaenjel.gaji.service.Repository.GajiRepository.findByGajiId(java.lang.Long)! No property 'gajiId' found for type 'Gaji'
Caused by: org.springframework.beans.factory.UnsatisfiedDependencyException: Error creating bean with name 'gajiService': Unsatisfied dependency expressed through field 'gajiRepository'; nested exception is org.springframework.beans.factory.BeanCreationException: Error creating bean with name 'gajiRepository' defined in com.marisaenjel.gaji.service.Repository.GajiRepository defined in @EnableJpaRepositories declared on JpaRepositoriesRegistrar.EnableJpaRepositoriesConfiguration: Invocation of init method failed; nested exception is org.springframework.data.repository.query.QueryCreationException: Could not create query for public abstract com.marisaenjel.gaji.service.Entity.Gaji com.marisaenjel.gaji.service.Repository.GajiRepository.findByGajiId(java.lang.Long); Reason: Failed to create query for method public abstract com.marisaenjel.gaji.service.Entity.Gaji com.marisaenjel.gaji.service.Repository.GajiRepository.findByGajiId(java.lang.Long)! No property 'gajiId' found for type 'Gaji'; nested exception is java.lang.IllegalArgumentException: Failed to create query for method public abstract com.marisaenjel.gaji.service.Entity.Gaji com.marisaenjel.gaji.service.Repository.GajiRepository.findByGajiId(java.lang.Long)! No property 'gajiId' found for type 'Gaji'
Caused by: org.springframework.beans.factory.BeanCreationException: Error creating bean with name 'gajiRepository' defined in com.marisaenjel.gaji.service.Repository.GajiRepository defined in @EnableJpaRepositories declared on JpaRepositoriesRegistrar.EnableJpaRepositoriesConfiguration: Invocation of init method failed; nested exception is org.springframework.data.repository.query.QueryCreationException: Could not create query for public abstract com.marisaenjel.gaji.service.Entity.Gaji com.marisaenjel.gaji.service.Repository.GajiRepository.findByGajiId(java.lang.Long); Reason: Failed to create query for method public abstract com.marisaenjel.gaji.service.Entity.Gaji com.marisaenjel.gaji.service.Repository.GajiRepository.findByGajiId(java.lang.Long)! No property 'gajiId' found for type 'Gaji'; nested exception is java.lang.IllegalArgumentException: Failed to create query for method public abstract com.marisaenjel.gaji.service.Entity.Gaji com.marisaenjel.gaji.service.Repository.GajiRepository.findByGajiId(java.lang.Long)! No property 'gajiId' found for type 'Gaji'
Caused by: org.springframework.data.repository.query.QueryCreationException: Could not create query for public abstract com.marisaenjel.gaji.service.Entity.Gaji com.marisaenjel.gaji.service.Repository.GajiRepository.findByGajiId(java.lang.Long); Reason: Failed to create query for method public abstract com.marisaenjel.gaji.service.Entity.Gaji com.marisaenjel.gaji.service.Repository.GajiRepository.findByGajiId(java.lang.Long)! No property 'gajiId' found for type 'Gaji'; nested exception is java.lang.IllegalArgumentException: Failed to create query for method public abstract com.marisaenjel.gaji.service.Entity.Gaji com.marisaenjel.gaji.service.Repository.GajiRepository.findByGajiId(java.lang.Long)! No property 'gajiId' found for type 'Gaji'
Caused by: java.lang.IllegalArgumentException: Failed to create query for method public abstract com.marisaenjel.gaji.service.Entity.Gaji com.marisaenjel.gaji.service.Repository.GajiRepository.findByGajiId(java.lang.Long)! No property 'gajiId' found for type 'Gaji'
Caused by: org.springframework.data.mapping.PropertyReferenceException: No property 'gajiId' found for type 'Gaji'

